<?xml version="1.0" encoding="UTF-8"?>
<testsuite xmlns:xsi="http://www.w3.org/2001/XMLSchema-instance" xsi:noNamespaceSchemaLocation="https://maven.apache.org/surefire/maven-surefire-plugin/xsd/surefire-test-report.xsd" name="TestSuite" time="12.296" tests="15" errors="0" skipped="13" failures="2">
  <properties>
    <property name="sun.desktop" value="windows"/>
    <property name="awt.toolkit" value="sun.awt.windows.WToolkit"/>
    <property name="java.specification.version" value="11"/>
    <property name="sun.cpu.isalist" value="amd64"/>
    <property name="sun.jnu.encoding" value="Cp1252"/>
    <property name="java.class.path" value="C:\Users\01126A744\New Eclipse-workspace\Workspace_Selenium (8)\Workspace_Selenium\FrameworkSelenium\target\test-classes;C:\Users\01126A744\New Eclipse-workspace\Workspace_Selenium (8)\Workspace_Selenium\FrameworkSelenium\target\classes;C:\Users\01126A744\.m2\repository\org\testng\testng\7.8.0\testng-7.8.0.jar;C:\Users\01126A744\.m2\repository\org\webjars\jquery\3.6.1\jquery-3.6.1.jar;C:\Users\01126A744\.m2\repository\com\beust\jcommander\1.82\jcommander-1.82.jar;C:\Users\01126A744\.m2\repository\com\google\inject\guice\7.0.0\guice-7.0.0.jar;C:\Users\01126A744\.m2\repository\jakarta\inject\jakarta.inject-api\2.0.1\jakarta.inject-api-2.0.1.jar;C:\Users\01126A744\.m2\repository\aopalliance\aopalliance\1.0\aopalliance-1.0.jar;C:\Users\01126A744\.m2\repository\com\google\guava\guava\31.0.1-jre\guava-31.0.1-jre.jar;C:\Users\01126A744\.m2\repository\com\google\guava\failureaccess\1.0.1\failureaccess-1.0.1.jar;C:\Users\01126A744\.m2\repository\com\google\guava\listenablefuture\9999.0-empty-to-avoid-conflict-with-guava\listenablefuture-9999.0-empty-to-avoid-conflict-with-guava.jar;C:\Users\01126A744\.m2\repository\com\google\code\findbugs\jsr305\3.0.2\jsr305-3.0.2.jar;C:\Users\01126A744\.m2\repository\org\checkerframework\checker-qual\3.12.0\checker-qual-3.12.0.jar;C:\Users\01126A744\.m2\repository\com\google\errorprone\error_prone_annotations\2.7.1\error_prone_annotations-2.7.1.jar;C:\Users\01126A744\.m2\repository\com\google\j2objc\j2objc-annotations\1.3\j2objc-annotations-1.3.jar;C:\Users\01126A744\.m2\repository\org\apache\ant\ant\1.10.14\ant-1.10.14.jar;C:\Users\01126A744\.m2\repository\org\apache\ant\ant-launcher\1.10.14\ant-launcher-1.10.14.jar;C:\Users\01126A744\.m2\repository\org\junit\jupiter\junit-jupiter-api\5.10.1\junit-jupiter-api-5.10.1.jar;C:\Users\01126A744\.m2\repository\org\opentest4j\opentest4j\1.3.0\opentest4j-1.3.0.jar;C:\Users\01126A744\.m2\repository\org\junit\platform\junit-platform-commons\1.10.1\junit-platform-commons-1.10.1.jar;C:\Users\01126A744\.m2\repository\org\apiguardian\apiguardian-api\1.1.2\apiguardian-api-1.1.2.jar;C:\Users\01126A744\.m2\repository\org\yaml\snakeyaml\2.2\snakeyaml-2.2.jar;C:\Users\01126A744\.m2\repository\org\slf4j\slf4j-api\2.0.9\slf4j-api-2.0.9.jar;C:\Users\01126A744\.m2\repository\org\seleniumhq\selenium\selenium-java\4.15.0\selenium-java-4.15.0.jar;C:\Users\01126A744\.m2\repository\org\seleniumhq\selenium\selenium-api\4.15.0\selenium-api-4.15.0.jar;C:\Users\01126A744\.m2\repository\org\seleniumhq\selenium\selenium-chrome-driver\4.15.0\selenium-chrome-driver-4.15.0.jar;C:\Users\01126A744\.m2\repository\com\google\auto\service\auto-service-annotations\1.1.1\auto-service-annotations-1.1.1.jar;C:\Users\01126A744\.m2\repository\org\seleniumhq\selenium\selenium-chromium-driver\4.15.0\selenium-chromium-driver-4.15.0.jar;C:\Users\01126A744\.m2\repository\org\seleniumhq\selenium\selenium-json\4.15.0\selenium-json-4.15.0.jar;C:\Users\01126A744\.m2\repository\org\seleniumhq\selenium\selenium-manager\4.15.0\selenium-manager-4.15.0.jar;C:\Users\01126A744\.m2\repository\org\seleniumhq\selenium\selenium-devtools-v117\4.15.0\selenium-devtools-v117-4.15.0.jar;C:\Users\01126A744\.m2\repository\org\seleniumhq\selenium\selenium-devtools-v118\4.15.0\selenium-devtools-v118-4.15.0.jar;C:\Users\01126A744\.m2\repository\org\seleniumhq\selenium\selenium-devtools-v119\4.15.0\selenium-devtools-v119-4.15.0.jar;C:\Users\01126A744\.m2\repository\org\seleniumhq\selenium\selenium-devtools-v85\4.15.0\selenium-devtools-v85-4.15.0.jar;C:\Users\01126A744\.m2\repository\org\seleniumhq\selenium\selenium-edge-driver\4.15.0\selenium-edge-driver-4.15.0.jar;C:\Users\01126A744\.m2\repository\org\seleniumhq\selenium\selenium-firefox-driver\4.15.0\selenium-firefox-driver-4.15.0.jar;C:\Users\01126A744\.m2\repository\org\seleniumhq\selenium\selenium-http\4.15.0\selenium-http-4.15.0.jar;C:\Users\01126A744\.m2\repository\dev\failsafe\failsafe\3.3.2\failsafe-3.3.2.jar;C:\Users\01126A744\.m2\repository\org\seleniumhq\selenium\selenium-ie-driver\4.15.0\selenium-ie-driver-4.15.0.jar;C:\Users\01126A744\.m2\repository\org\seleniumhq\selenium\selenium-remote-driver\4.15.0\selenium-remote-driver-4.15.0.jar;C:\Users\01126A744\.m2\repository\io\opentelemetry\opentelemetry-api\1.28.0\opentelemetry-api-1.28.0.jar;C:\Users\01126A744\.m2\repository\io\opentelemetry\opentelemetry-context\1.28.0\opentelemetry-context-1.28.0.jar;C:\Users\01126A744\.m2\repository\io\opentelemetry\opentelemetry-exporter-logging\1.28.0\opentelemetry-exporter-logging-1.28.0.jar;C:\Users\01126A744\.m2\repository\io\opentelemetry\opentelemetry-sdk-metrics\1.28.0\opentelemetry-sdk-metrics-1.28.0.jar;C:\Users\01126A744\.m2\repository\io\opentelemetry\opentelemetry-extension-incubator\1.28.0-alpha\opentelemetry-extension-incubator-1.28.0-alpha.jar;C:\Users\01126A744\.m2\repository\io\opentelemetry\opentelemetry-sdk-logs\1.28.0\opentelemetry-sdk-logs-1.28.0.jar;C:\Users\01126A744\.m2\repository\io\opentelemetry\opentelemetry-sdk-common\1.28.0\opentelemetry-sdk-common-1.28.0.jar;C:\Users\01126A744\.m2\repository\io\opentelemetry\opentelemetry-sdk-extension-autoconfigure-spi\1.28.0\opentelemetry-sdk-extension-autoconfigure-spi-1.28.0.jar;C:\Users\01126A744\.m2\repository\io\opentelemetry\opentelemetry-sdk-extension-autoconfigure\1.28.0\opentelemetry-sdk-extension-autoconfigure-1.28.0.jar;C:\Users\01126A744\.m2\repository\io\opentelemetry\opentelemetry-api-events\1.28.0-alpha\opentelemetry-api-events-1.28.0-alpha.jar;C:\Users\01126A744\.m2\repository\io\opentelemetry\opentelemetry-sdk-trace\1.28.0\opentelemetry-sdk-trace-1.28.0.jar;C:\Users\01126A744\.m2\repository\io\opentelemetry\opentelemetry-sdk\1.28.0\opentelemetry-sdk-1.28.0.jar;C:\Users\01126A744\.m2\repository\io\opentelemetry\opentelemetry-semconv\1.28.0-alpha\opentelemetry-semconv-1.28.0-alpha.jar;C:\Users\01126A744\.m2\repository\net\bytebuddy\byte-buddy\1.14.5\byte-buddy-1.14.5.jar;C:\Users\01126A744\.m2\repository\org\seleniumhq\selenium\selenium-os\4.15.0\selenium-os-4.15.0.jar;C:\Users\01126A744\.m2\repository\org\apache\commons\commons-exec\1.3\commons-exec-1.3.jar;C:\Users\01126A744\.m2\repository\org\seleniumhq\selenium\selenium-safari-driver\4.15.0\selenium-safari-driver-4.15.0.jar;C:\Users\01126A744\.m2\repository\org\seleniumhq\selenium\selenium-support\4.15.0\selenium-support-4.15.0.jar;C:\Users\01126A744\.m2\repository\com\aventstack\extentreports\5.0.6\extentreports-5.0.6.jar;C:\Users\01126A744\.m2\repository\org\freemarker\freemarker\2.3.30\freemarker-2.3.30.jar;C:\Users\01126A744\.m2\repository\com\google\code\gson\gson\2.8.6\gson-2.8.6.jar;C:\Users\01126A744\.m2\repository\org\projectlombok\lombok\1.18.22\lombok-1.18.22.jar;C:\Users\01126A744\.m2\repository\org\reactivestreams\reactive-streams\1.0.3\reactive-streams-1.0.3.jar;C:\Users\01126A744\.m2\repository\org\reactivestreams\reactive-streams-tck\1.0.3\reactive-streams-tck-1.0.3.jar;C:\Users\01126A744\.m2\repository\org\reactivestreams\reactive-streams-examples\1.0.3\reactive-streams-examples-1.0.3.jar;C:\Users\01126A744\.m2\repository\io\reactivex\rxjava3\rxjava\3.0.4\rxjava-3.0.4.jar;C:\Users\01126A744\.m2\repository\commons-io\commons-io\2.15.1\commons-io-2.15.1.jar;C:\Users\01126A744\.m2\repository\dom4j\dom4j\1.1\dom4j-1.1.jar;C:\Users\01126A744\.m2\repository\org\apache\poi\poi-ooxml-schemas\3.6\poi-ooxml-schemas-3.6.jar;C:\Users\01126A744\.m2\repository\org\apache\geronimo\specs\geronimo-stax-api_1.0_spec\1.0\geronimo-stax-api_1.0_spec-1.0.jar;C:\Users\01126A744\.m2\repository\org\apache\poi\poi\3.6\poi-3.6.jar;C:\Users\01126A744\.m2\repository\commons-logging\commons-logging\1.1\commons-logging-1.1.jar;C:\Users\01126A744\.m2\repository\logkit\logkit\1.0.1\logkit-1.0.1.jar;C:\Users\01126A744\.m2\repository\avalon-framework\avalon-framework\4.1.3\avalon-framework-4.1.3.jar;C:\Users\01126A744\.m2\repository\javax\servlet\servlet-api\2.3\servlet-api-2.3.jar;C:\Users\01126A744\.m2\repository\log4j\log4j\1.2.13\log4j-1.2.13.jar;C:\Users\01126A744\.m2\repository\org\apache\poi\poi-ooxml\3.6\poi-ooxml-3.6.jar;C:\Users\01126A744\.m2\repository\org\apache\xmlbeans\xmlbeans\2.3.0\xmlbeans-2.3.0.jar;C:\Users\01126A744\.m2\repository\stax\stax-api\1.0.1\stax-api-1.0.1.jar;"/>
    <property name="java.vm.vendor" value="Oracle Corporation"/>
    <property name="sun.arch.data.model" value="64"/>
    <property name="user.variant" value=""/>
    <property name="java.vendor.url" value="https://openjdk.java.net/"/>
    <property name="user.timezone" value="Asia/Calcutta"/>
    <property name="java.vm.specification.version" value="11"/>
    <property name="os.name" value="Windows 11"/>
    <property name="sun.java.launcher" value="SUN_STANDARD"/>
    <property name="user.country" value="IN"/>
    <property name="sun.boot.library.path" value="C:\Program Files\Java\jdk-11\bin"/>
    <property name="sun.java.command" value="C:\Users\01126A~1\AppData\Local\Temp\surefire4788391531639426082\surefirebooter7680255331731909367.jar C:\Users\01126A744\AppData\Local\Temp\surefire4788391531639426082 2023-12-28T14-04-49_921-jvmRun1 surefire17140447781571844210tmp surefire_04287297659545289013tmp"/>
    <property name="jdk.debug" value="release"/>
    <property name="surefire.test.class.path" value="C:\Users\01126A744\New Eclipse-workspace\Workspace_Selenium (8)\Workspace_Selenium\FrameworkSelenium\target\test-classes;C:\Users\01126A744\New Eclipse-workspace\Workspace_Selenium (8)\Workspace_Selenium\FrameworkSelenium\target\classes;C:\Users\01126A744\.m2\repository\org\testng\testng\7.8.0\testng-7.8.0.jar;C:\Users\01126A744\.m2\repository\org\webjars\jquery\3.6.1\jquery-3.6.1.jar;C:\Users\01126A744\.m2\repository\com\beust\jcommander\1.82\jcommander-1.82.jar;C:\Users\01126A744\.m2\repository\com\google\inject\guice\7.0.0\guice-7.0.0.jar;C:\Users\01126A744\.m2\repository\jakarta\inject\jakarta.inject-api\2.0.1\jakarta.inject-api-2.0.1.jar;C:\Users\01126A744\.m2\repository\aopalliance\aopalliance\1.0\aopalliance-1.0.jar;C:\Users\01126A744\.m2\repository\com\google\guava\guava\31.0.1-jre\guava-31.0.1-jre.jar;C:\Users\01126A744\.m2\repository\com\google\guava\failureaccess\1.0.1\failureaccess-1.0.1.jar;C:\Users\01126A744\.m2\repository\com\google\guava\listenablefuture\9999.0-empty-to-avoid-conflict-with-guava\listenablefuture-9999.0-empty-to-avoid-conflict-with-guava.jar;C:\Users\01126A744\.m2\repository\com\google\code\findbugs\jsr305\3.0.2\jsr305-3.0.2.jar;C:\Users\01126A744\.m2\repository\org\checkerframework\checker-qual\3.12.0\checker-qual-3.12.0.jar;C:\Users\01126A744\.m2\repository\com\google\errorprone\error_prone_annotations\2.7.1\error_prone_annotations-2.7.1.jar;C:\Users\01126A744\.m2\repository\com\google\j2objc\j2objc-annotations\1.3\j2objc-annotations-1.3.jar;C:\Users\01126A744\.m2\repository\org\apache\ant\ant\1.10.14\ant-1.10.14.jar;C:\Users\01126A744\.m2\repository\org\apache\ant\ant-launcher\1.10.14\ant-launcher-1.10.14.jar;C:\Users\01126A744\.m2\repository\org\junit\jupiter\junit-jupiter-api\5.10.1\junit-jupiter-api-5.10.1.jar;C:\Users\01126A744\.m2\repository\org\opentest4j\opentest4j\1.3.0\opentest4j-1.3.0.jar;C:\Users\01126A744\.m2\repository\org\junit\platform\junit-platform-commons\1.10.1\junit-platform-commons-1.10.1.jar;C:\Users\01126A744\.m2\repository\org\apiguardian\apiguardian-api\1.1.2\apiguardian-api-1.1.2.jar;C:\Users\01126A744\.m2\repository\org\yaml\snakeyaml\2.2\snakeyaml-2.2.jar;C:\Users\01126A744\.m2\repository\org\slf4j\slf4j-api\2.0.9\slf4j-api-2.0.9.jar;C:\Users\01126A744\.m2\repository\org\seleniumhq\selenium\selenium-java\4.15.0\selenium-java-4.15.0.jar;C:\Users\01126A744\.m2\repository\org\seleniumhq\selenium\selenium-api\4.15.0\selenium-api-4.15.0.jar;C:\Users\01126A744\.m2\repository\org\seleniumhq\selenium\selenium-chrome-driver\4.15.0\selenium-chrome-driver-4.15.0.jar;C:\Users\01126A744\.m2\repository\com\google\auto\service\auto-service-annotations\1.1.1\auto-service-annotations-1.1.1.jar;C:\Users\01126A744\.m2\repository\org\seleniumhq\selenium\selenium-chromium-driver\4.15.0\selenium-chromium-driver-4.15.0.jar;C:\Users\01126A744\.m2\repository\org\seleniumhq\selenium\selenium-json\4.15.0\selenium-json-4.15.0.jar;C:\Users\01126A744\.m2\repository\org\seleniumhq\selenium\selenium-manager\4.15.0\selenium-manager-4.15.0.jar;C:\Users\01126A744\.m2\repository\org\seleniumhq\selenium\selenium-devtools-v117\4.15.0\selenium-devtools-v117-4.15.0.jar;C:\Users\01126A744\.m2\repository\org\seleniumhq\selenium\selenium-devtools-v118\4.15.0\selenium-devtools-v118-4.15.0.jar;C:\Users\01126A744\.m2\repository\org\seleniumhq\selenium\selenium-devtools-v119\4.15.0\selenium-devtools-v119-4.15.0.jar;C:\Users\01126A744\.m2\repository\org\seleniumhq\selenium\selenium-devtools-v85\4.15.0\selenium-devtools-v85-4.15.0.jar;C:\Users\01126A744\.m2\repository\org\seleniumhq\selenium\selenium-edge-driver\4.15.0\selenium-edge-driver-4.15.0.jar;C:\Users\01126A744\.m2\repository\org\seleniumhq\selenium\selenium-firefox-driver\4.15.0\selenium-firefox-driver-4.15.0.jar;C:\Users\01126A744\.m2\repository\org\seleniumhq\selenium\selenium-http\4.15.0\selenium-http-4.15.0.jar;C:\Users\01126A744\.m2\repository\dev\failsafe\failsafe\3.3.2\failsafe-3.3.2.jar;C:\Users\01126A744\.m2\repository\org\seleniumhq\selenium\selenium-ie-driver\4.15.0\selenium-ie-driver-4.15.0.jar;C:\Users\01126A744\.m2\repository\org\seleniumhq\selenium\selenium-remote-driver\4.15.0\selenium-remote-driver-4.15.0.jar;C:\Users\01126A744\.m2\repository\io\opentelemetry\opentelemetry-api\1.28.0\opentelemetry-api-1.28.0.jar;C:\Users\01126A744\.m2\repository\io\opentelemetry\opentelemetry-context\1.28.0\opentelemetry-context-1.28.0.jar;C:\Users\01126A744\.m2\repository\io\opentelemetry\opentelemetry-exporter-logging\1.28.0\opentelemetry-exporter-logging-1.28.0.jar;C:\Users\01126A744\.m2\repository\io\opentelemetry\opentelemetry-sdk-metrics\1.28.0\opentelemetry-sdk-metrics-1.28.0.jar;C:\Users\01126A744\.m2\repository\io\opentelemetry\opentelemetry-extension-incubator\1.28.0-alpha\opentelemetry-extension-incubator-1.28.0-alpha.jar;C:\Users\01126A744\.m2\repository\io\opentelemetry\opentelemetry-sdk-logs\1.28.0\opentelemetry-sdk-logs-1.28.0.jar;C:\Users\01126A744\.m2\repository\io\opentelemetry\opentelemetry-sdk-common\1.28.0\opentelemetry-sdk-common-1.28.0.jar;C:\Users\01126A744\.m2\repository\io\opentelemetry\opentelemetry-sdk-extension-autoconfigure-spi\1.28.0\opentelemetry-sdk-extension-autoconfigure-spi-1.28.0.jar;C:\Users\01126A744\.m2\repository\io\opentelemetry\opentelemetry-sdk-extension-autoconfigure\1.28.0\opentelemetry-sdk-extension-autoconfigure-1.28.0.jar;C:\Users\01126A744\.m2\repository\io\opentelemetry\opentelemetry-api-events\1.28.0-alpha\opentelemetry-api-events-1.28.0-alpha.jar;C:\Users\01126A744\.m2\repository\io\opentelemetry\opentelemetry-sdk-trace\1.28.0\opentelemetry-sdk-trace-1.28.0.jar;C:\Users\01126A744\.m2\repository\io\opentelemetry\opentelemetry-sdk\1.28.0\opentelemetry-sdk-1.28.0.jar;C:\Users\01126A744\.m2\repository\io\opentelemetry\opentelemetry-semconv\1.28.0-alpha\opentelemetry-semconv-1.28.0-alpha.jar;C:\Users\01126A744\.m2\repository\net\bytebuddy\byte-buddy\1.14.5\byte-buddy-1.14.5.jar;C:\Users\01126A744\.m2\repository\org\seleniumhq\selenium\selenium-os\4.15.0\selenium-os-4.15.0.jar;C:\Users\01126A744\.m2\repository\org\apache\commons\commons-exec\1.3\commons-exec-1.3.jar;C:\Users\01126A744\.m2\repository\org\seleniumhq\selenium\selenium-safari-driver\4.15.0\selenium-safari-driver-4.15.0.jar;C:\Users\01126A744\.m2\repository\org\seleniumhq\selenium\selenium-support\4.15.0\selenium-support-4.15.0.jar;C:\Users\01126A744\.m2\repository\com\aventstack\extentreports\5.0.6\extentreports-5.0.6.jar;C:\Users\01126A744\.m2\repository\org\freemarker\freemarker\2.3.30\freemarker-2.3.30.jar;C:\Users\01126A744\.m2\repository\com\google\code\gson\gson\2.8.6\gson-2.8.6.jar;C:\Users\01126A744\.m2\repository\org\projectlombok\lombok\1.18.22\lombok-1.18.22.jar;C:\Users\01126A744\.m2\repository\org\reactivestreams\reactive-streams\1.0.3\reactive-streams-1.0.3.jar;C:\Users\01126A744\.m2\repository\org\reactivestreams\reactive-streams-tck\1.0.3\reactive-streams-tck-1.0.3.jar;C:\Users\01126A744\.m2\repository\org\reactivestreams\reactive-streams-examples\1.0.3\reactive-streams-examples-1.0.3.jar;C:\Users\01126A744\.m2\repository\io\reactivex\rxjava3\rxjava\3.0.4\rxjava-3.0.4.jar;C:\Users\01126A744\.m2\repository\commons-io\commons-io\2.15.1\commons-io-2.15.1.jar;C:\Users\01126A744\.m2\repository\dom4j\dom4j\1.1\dom4j-1.1.jar;C:\Users\01126A744\.m2\repository\org\apache\poi\poi-ooxml-schemas\3.6\poi-ooxml-schemas-3.6.jar;C:\Users\01126A744\.m2\repository\org\apache\geronimo\specs\geronimo-stax-api_1.0_spec\1.0\geronimo-stax-api_1.0_spec-1.0.jar;C:\Users\01126A744\.m2\repository\org\apache\poi\poi\3.6\poi-3.6.jar;C:\Users\01126A744\.m2\repository\commons-logging\commons-logging\1.1\commons-logging-1.1.jar;C:\Users\01126A744\.m2\repository\logkit\logkit\1.0.1\logkit-1.0.1.jar;C:\Users\01126A744\.m2\repository\avalon-framework\avalon-framework\4.1.3\avalon-framework-4.1.3.jar;C:\Users\01126A744\.m2\repository\javax\servlet\servlet-api\2.3\servlet-api-2.3.jar;C:\Users\01126A744\.m2\repository\log4j\log4j\1.2.13\log4j-1.2.13.jar;C:\Users\01126A744\.m2\repository\org\apache\poi\poi-ooxml\3.6\poi-ooxml-3.6.jar;C:\Users\01126A744\.m2\repository\org\apache\xmlbeans\xmlbeans\2.3.0\xmlbeans-2.3.0.jar;C:\Users\01126A744\.m2\repository\stax\stax-api\1.0.1\stax-api-1.0.1.jar;"/>
    <property name="sun.cpu.endian" value="little"/>
    <property name="user.home" value="C:\Users\01126A744"/>
    <property name="user.language" value="en"/>
    <property name="java.specification.vendor" value="Oracle Corporation"/>
    <property name="java.version.date" value="2023-10-17"/>
    <property name="java.home" value="C:\Program Files\Java\jdk-11"/>
    <property name="file.separator" value="\"/>
    <property name="basedir" value="C:\Users\01126A744\New Eclipse-workspace\Workspace_Selenium (8)\Workspace_Selenium\FrameworkSelenium"/>
    <property name="java.vm.compressedOopsMode" value="Zero based"/>
    <property name="line.separator" value="&#10;"/>
    <property name="java.specification.name" value="Java Platform API Specification"/>
    <property name="java.vm.specification.vendor" value="Oracle Corporation"/>
    <property name="java.awt.graphicsenv" value="sun.awt.Win32GraphicsEnvironment"/>
    <property name="surefire.real.class.path" value="C:\Users\01126A~1\AppData\Local\Temp\surefire4788391531639426082\surefirebooter7680255331731909367.jar"/>
    <property name="user.script" value=""/>
    <property name="sun.management.compiler" value="HotSpot 64-Bit Tiered Compilers"/>
    <property name="java.runtime.version" value="11.0.21+9-LTS-193"/>
    <property name="user.name" value="GirishBhujbal"/>
    <property name="path.separator" value=";"/>
    <property name="os.version" value="10.0"/>
    <property name="java.runtime.name" value="Java(TM) SE Runtime Environment"/>
    <property name="file.encoding" value="Cp1252"/>
    <property name="java.vm.name" value="Java HotSpot(TM) 64-Bit Server VM"/>
    <property name="java.vendor.version" value="18.9"/>
    <property name="localRepository" value="C:\Users\01126A744\.m2\repository"/>
    <property name="java.vendor.url.bug" value="https://bugreport.java.com/bugreport/"/>
    <property name="java.io.tmpdir" value="C:\Users\01126A~1\AppData\Local\Temp\"/>
    <property name="java.version" value="11.0.21"/>
    <property name="user.dir" value="C:\Users\01126A744\New Eclipse-workspace\Workspace_Selenium (8)\Workspace_Selenium\FrameworkSelenium"/>
    <property name="os.arch" value="amd64"/>
    <property name="java.vm.specification.name" value="Java Virtual Machine Specification"/>
    <property name="java.awt.printerjob" value="sun.awt.windows.WPrinterJob"/>
    <property name="sun.os.patch.level" value=""/>
    <property name="java.library.path" value="C:\Program Files\Java\jdk-11\bin;C:\WINDOWS\Sun\Java\bin;C:\WINDOWS\system32;C:\WINDOWS;C:\Program Files\Common Files\Oracle\Java\javapath;C:\WINDOWS\system32;C:\WINDOWS;C:\WINDOWS\System32\Wbem;C:\WINDOWS\System32\WindowsPowerShell\v1.0\;C:\WINDOWS\System32\OpenSSH\;C:\Program Files\nodejs\;C:\Program Files\Git\cmd;C:\Program Files\Java\jdk-11\bin;C:\Users\01126A744\AppData\Local\Microsoft\WindowsApps;C:\Users\01126A744\AppData\Roaming\npm;C:\Users\01126A744\AppData\Local\Box\Box Edit\;C:\Program Files\Java\jdk-11\bin;;."/>
    <property name="java.vendor" value="Oracle Corporation"/>
    <property name="java.vm.info" value="mixed mode"/>
    <property name="java.vm.version" value="11.0.21+9-LTS-193"/>
    <property name="java.specification.maintenance.version" value="2"/>
    <property name="sun.io.unicode.encoding" value="UnicodeLittle"/>
    <property name="java.class.version" value="55.0"/>
  </properties>
  <testcase name="SetUp" classname="com.ibm.testcases.SendMailRediffmailTest" time="12.11">
    <failure message="Could not start a new session. Possible causes are invalid address of the remote server or browser start-up failure. &#10;Host info: host: &apos;LAPTOP-7REP2B3U&apos;, ip: &apos;9.193.18.111&apos;" type="org.openqa.selenium.SessionNotCreatedException">org.openqa.selenium.SessionNotCreatedException: 
Could not start a new session. Possible causes are invalid address of the remote server or browser start-up failure. 
Host info: host: 'LAPTOP-7REP2B3U', ip: '9.193.18.111'
	at com.ibm.testcases.SendMailRediffmailTest.SetUp(SendMailRediffmailTest.java:59)
Caused by: org.openqa.selenium.TimeoutException: 
java.net.http.HttpConnectTimeoutException: HTTP connect timed out
Build info: version: '4.15.0', revision: '1d14b5521b'
System info: os.name: 'Windows 11', os.arch: 'amd64', os.version: '10.0', java.version: '11.0.21'
Driver info: driver.version: RemoteWebDriver
	at com.ibm.testcases.SendMailRediffmailTest.SetUp(SendMailRediffmailTest.java:59)
Caused by: java.net.http.HttpConnectTimeoutException: HTTP connect timed out
Caused by: java.net.ConnectException: HTTP connect timed out
</failure>
    <system-out><![CDATA[CreateAccountRediffmailTest is present in row number 1
SendMailRediffmailTest is present in row number 7
SendMailRediffmailTest has 5 columns filled with data
CreateAccountRediffmailTest has 7 columns filled with data
SendMailRediffmailTest has 2 rows filled with data
CreateAccountRediffmailTest has 3 rows filled with data
]]></system-out>
    <system-err><![CDATA[SLF4J: No SLF4J providers were found.
SLF4J: Defaulting to no-operation (NOP) logger implementation
SLF4J: See https://www.slf4j.org/codes.html#noProviders for further details.
Dec 28, 2023 2:04:53 PM org.openqa.selenium.remote.tracing.opentelemetry.OpenTelemetryTracer createTracer
INFO: Using OpenTelemetry for tracing
]]></system-err>
  </testcase>
  <testcase name="SetUp" classname="com.ibm.testcases.SendMailRediffmailTest" time="0">
    <skipped/>
  </testcase>
  <testcase name="SetUp" classname="com.ibm.testcases.CreateAccountRediffmailTest" time="12.11">
    <failure message="Could not start a new session. Possible causes are invalid address of the remote server or browser start-up failure. &#10;Host info: host: &apos;LAPTOP-7REP2B3U&apos;, ip: &apos;9.193.18.111&apos;" type="org.openqa.selenium.SessionNotCreatedException">org.openqa.selenium.SessionNotCreatedException: 
Could not start a new session. Possible causes are invalid address of the remote server or browser start-up failure. 
Host info: host: 'LAPTOP-7REP2B3U', ip: '9.193.18.111'
	at com.ibm.testcases.CreateAccountRediffmailTest.SetUp(CreateAccountRediffmailTest.java:75)
Caused by: org.openqa.selenium.TimeoutException: 
java.net.http.HttpConnectTimeoutException: HTTP connect timed out
Build info: version: '4.15.0', revision: '1d14b5521b'
System info: os.name: 'Windows 11', os.arch: 'amd64', os.version: '10.0', java.version: '11.0.21'
Driver info: driver.version: RemoteWebDriver
	at com.ibm.testcases.CreateAccountRediffmailTest.SetUp(CreateAccountRediffmailTest.java:75)
Caused by: java.net.http.HttpConnectTimeoutException: HTTP connect timed out
Caused by: java.net.ConnectException: HTTP connect timed out
</failure>
  </testcase>
  <testcase name="SetUp" classname="com.ibm.testcases.CreateAccountRediffmailTest" time="0">
    <skipped/>
  </testcase>
  <testcase name="SetUp" classname="com.ibm.testcases.CreateAccountRediffmailTest" time="0">
    <skipped/>
  </testcase>
  <testcase name="SendMailRediffmail" classname="com.ibm.testcases.SendMailRediffmailTest" time="0">
    <skipped message="Could not start a new session. Possible causes are invalid address of the remote server or browser start-up failure. &#10;Host info: host: &apos;LAPTOP-7REP2B3U&apos;, ip: &apos;9.193.18.111&apos;"/>
  </testcase>
  <testcase name="SendMailRediffmail" classname="com.ibm.testcases.SendMailRediffmailTest" time="0">
    <skipped message="Could not start a new session. Possible causes are invalid address of the remote server or browser start-up failure. &#10;Host info: host: &apos;LAPTOP-7REP2B3U&apos;, ip: &apos;9.193.18.111&apos;"/>
  </testcase>
  <testcase name="AccountCreateRediffmail" classname="com.ibm.testcases.CreateAccountRediffmailTest" time="0">
    <skipped message="Could not start a new session. Possible causes are invalid address of the remote server or browser start-up failure. &#10;Host info: host: &apos;LAPTOP-7REP2B3U&apos;, ip: &apos;9.193.18.111&apos;"/>
  </testcase>
  <testcase name="AccountCreateRediffmail" classname="com.ibm.testcases.CreateAccountRediffmailTest" time="0">
    <skipped message="Could not start a new session. Possible causes are invalid address of the remote server or browser start-up failure. &#10;Host info: host: &apos;LAPTOP-7REP2B3U&apos;, ip: &apos;9.193.18.111&apos;"/>
  </testcase>
  <testcase name="AccountCreateRediffmail" classname="com.ibm.testcases.CreateAccountRediffmailTest" time="0">
    <skipped message="Could not start a new session. Possible causes are invalid address of the remote server or browser start-up failure. &#10;Host info: host: &apos;LAPTOP-7REP2B3U&apos;, ip: &apos;9.193.18.111&apos;"/>
  </testcase>
  <testcase name="TearDown" classname="com.ibm.testcases.CreateAccountRediffmailTest" time="0">
    <skipped/>
  </testcase>
  <testcase name="TearDown" classname="com.ibm.testcases.CreateAccountRediffmailTest" time="0">
    <skipped/>
  </testcase>
  <testcase name="TearDown" classname="com.ibm.testcases.CreateAccountRediffmailTest" time="0">
    <skipped/>
  </testcase>
  <testcase name="TearDown" classname="com.ibm.testcases.SendMailRediffmailTest" time="0">
    <skipped/>
  </testcase>
  <testcase name="TearDown" classname="com.ibm.testcases.SendMailRediffmailTest" time="0">
    <skipped/>
  </testcase>
</testsuite>