<?xml version="1.0" encoding="UTF-8"?>
<!-- Generated by org.testng.reporters.JUnitReportReporter -->
<testsuite hostname="LAPTOP-7REP2B3U" failures="0" tests="3" name="com.ibm.testcases.CreateAccountRediffmailTest" time="38.715" errors="0" timestamp="2024-01-29T11:54:09 IST" skipped="0">
  <testcase classname="com.ibm.testcases.CreateAccountRediffmailTest" name="AccountCreateRediffmail" time="14.214"/>
  <testcase classname="com.ibm.testcases.CreateAccountRediffmailTest" name="AccountCreateRediffmail" time="11.900"/>
  <testcase classname="com.ibm.testcases.CreateAccountRediffmailTest" name="AccountCreateRediffmail" time="12.601"/>
</testsuite> <!-- com.ibm.testcases.CreateAccountRediffmailTest -->
